Time to run 0s
3:1    KEYWORD          "let"
3:5    IDENTIFIER       "a"
3:7    COLON            ":"
3:9    KEYWORD          "string"
3:16   ASSIGN           "="
3:18   STRING_LIT       "\"this is fine\""
3:32   SEMICOLON        ";"
5:1    KEYWORD          "let"
5:5    IDENTIFIER       "b"
5:7    COLON            ":"
5:9    KEYWORD          "string"
5:16   ASSIGN           "="
[ERROR] 5:18  unterminated string literal (unexpected newline) at line 5 col 18
7:1    KEYWORD          "let"
7:5    IDENTIFIER       "c"
7:7    COLON            ":"
7:9    KEYWORD          "string"
7:16   ASSIGN           "="
7:18   STRING_LIT       "\"also fine\""
7:29   SEMICOLON        ";"
9:1    KEYWORD          "let"
9:5    IDENTIFIER       "d"
9:7    COLON            ":"
9:9    KEYWORD          "string"
9:16   ASSIGN           "="
9:18   STRING_LIT       "\"closed\""
9:27   SEMICOLON        ";"
10:1    KEYWORD          "let"
10:5    IDENTIFIER       "e"
10:7    COLON            ":"
10:9    KEYWORD          "string"
10:16   ASSIGN           "="
[ERROR] 10:18  unterminated string literal (unexpected newline) at line 10 col 18
12:1    KEYWORD          "let"
12:5    IDENTIFIER       "f"
12:7    COLON            ":"
12:9    KEYWORD          "string"
12:16   ASSIGN           "="
[ERROR] 12:18  unterminated escape sequence in string at line 12 col 18
